<?xml version="1.0" encoding="UTF-8"?>
<testsuites name="jest tests" tests="2" failures="0" errors="0" time="1.531">
  <testsuite name="validate iirds xml" errors="0" failures="0" skipped="0" timestamp="2022-08-16T08:32:32" time="1.09" tests="2">
    <testcase classname="validate iirds xml Document must have a referenced object... - [T][0]" name="validate iirds xml Document must have a referenced object... - [T][0]" time="0.017">
    </testcase>
    <testcase classname="validate iirds xml Document must have a referenced object... - [F][0]" name="validate iirds xml Document must have a referenced object... - [F][0]" time="0.007">
    </testcase>
  </testsuite>
</testsuites>